<?xml version="1.0" encoding="UTF-8"?>
<testng-results skipped="0" failed="0" ignored="0" total="1" passed="1">
  <reporter-output>
  </reporter-output>
  <suite name="Surefire suite" duration-ms="53620" started-at="2017-09-28T23:51:07Z" finished-at="2017-09-28T23:52:01Z">
    <groups>
      <group name="cucumber">
        <method signature="AbstractTestNGCucumberTests.feature(cucumber.api.testng.CucumberFeatureWrapper)[pri:0, instance:Runner.TestRunner@26f67b76]" name="feature" class="cucumber.api.testng.AbstractTestNGCucumberTests"/>
      </group> <!-- cucumber -->
    </groups>
    <test name="Surefire test" duration-ms="53620" started-at="2017-09-28T23:51:07Z" finished-at="2017-09-28T23:52:01Z">
      <class name="Runner.TestRunner">
        <test-method status="PASS" signature="setUpClass()[pri:0, instance:Runner.TestRunner@26f67b76]" name="setUpClass" is-config="true" duration-ms="2237" started-at="2017-09-29T00:51:07Z" finished-at="2017-09-29T00:51:10Z">
          <reporter-output>
          </reporter-output>
        </test-method> <!-- setUpClass -->
        <test-method status="PASS" signature="feature(cucumber.api.testng.CucumberFeatureWrapper)[pri:0, instance:Runner.TestRunner@26f67b76]" name="feature" duration-ms="50565" started-at="2017-09-29T00:51:10Z" description="Runs Cucumber Feature" data-provider="features" finished-at="2017-09-29T00:52:01Z">
          <params>
            <param index="0">
              <value>
                <![CDATA[Search for a product and Add to cart]]>
              </value>
            </param>
          </params>
          <reporter-output>
          </reporter-output>
        </test-method> <!-- feature -->
        <test-method status="PASS" signature="tearDownClass()[pri:0, instance:Runner.TestRunner@26f67b76]" name="tearDownClass" is-config="true" duration-ms="125" started-at="2017-09-29T00:52:01Z" finished-at="2017-09-29T00:52:01Z">
          <reporter-output>
          </reporter-output>
        </test-method> <!-- tearDownClass -->
      </class> <!-- Runner.TestRunner -->
    </test> <!-- Surefire test -->
  </suite> <!-- Surefire suite -->
</testng-results>
